mode: set
github.com/silverwyrda/iogo/router.go:11.20,15.2 1 0
github.com/silverwyrda/iogo/router.go:17.60,19.2 1 0
github.com/silverwyrda/iogo/router.go:21.61,23.2 1 0
github.com/silverwyrda/iogo/router.go:25.60,27.2 1 0
github.com/silverwyrda/iogo/router.go:29.62,31.2 1 0
github.com/silverwyrda/iogo/router.go:33.63,35.2 1 0
github.com/silverwyrda/iogo/router.go:37.78,38.20 1 0
github.com/silverwyrda/iogo/router.go:42.2,42.28 1 0
github.com/silverwyrda/iogo/router.go:46.2,46.38 1 0
github.com/silverwyrda/iogo/router.go:38.20,40.3 1 0
github.com/silverwyrda/iogo/router.go:42.28,44.3 1 0
github.com/silverwyrda/iogo/router.go:49.65,50.34 1 0
github.com/silverwyrda/iogo/router.go:50.34,52.3 1 0
github.com/silverwyrda/iogo/router.go:55.70,56.27 1 0
github.com/silverwyrda/iogo/router.go:60.2,60.32 1 0
github.com/silverwyrda/iogo/router.go:71.2,71.23 1 0
github.com/silverwyrda/iogo/router.go:56.27,58.3 1 0
github.com/silverwyrda/iogo/router.go:60.32,63.12 3 0
github.com/silverwyrda/iogo/router.go:63.12,68.4 4 0
github.com/silverwyrda/iogo/router.go:71.23,73.3 1 0
github.com/silverwyrda/iogo/router.go:73.3,75.3 1 0
github.com/silverwyrda/iogo/segment.go:13.66,15.2 1 1
github.com/silverwyrda/iogo/segment.go:21.65,23.38 2 1
github.com/silverwyrda/iogo/segment.go:26.2,26.61 1 1
github.com/silverwyrda/iogo/segment.go:23.38,25.3 1 1
github.com/silverwyrda/iogo/segment.go:33.66,35.2 1 0
github.com/silverwyrda/iogo/tree.go:11.31,15.2 1 0
github.com/silverwyrda/iogo/tree.go:17.86,18.9 1 0
github.com/silverwyrda/iogo/tree.go:39.2,39.24 1 0
github.com/silverwyrda/iogo/tree.go:19.2,20.43 1 0
github.com/silverwyrda/iogo/tree.go:21.2,22.32 1 0
github.com/silverwyrda/iogo/tree.go:22.32,24.15 2 0
github.com/silverwyrda/iogo/tree.go:24.15,28.21 4 0
github.com/silverwyrda/iogo/tree.go:33.5,33.14 1 0
github.com/silverwyrda/iogo/tree.go:28.21,30.6 1 0
github.com/silverwyrda/iogo/tree.go:30.6,32.6 1 0
github.com/silverwyrda/iogo/tree.go:33.14,35.6 1 0
github.com/silverwyrda/iogo/tree.go:42.68,44.2 1 0
github.com/silverwyrda/iogo/tree.go:46.83,47.9 1 0
github.com/silverwyrda/iogo/tree.go:54.2,54.10 1 0
github.com/silverwyrda/iogo/tree.go:48.2,50.16 2 0
github.com/silverwyrda/iogo/tree.go:51.2,51.22 0 0
github.com/silverwyrda/iogo/tree.go:52.2,52.10 0 0
github.com/silverwyrda/iogo/tree.go:57.61,59.17 2 0
github.com/silverwyrda/iogo/tree.go:59.17,61.3 0 0
github.com/silverwyrda/iogo/context.go:19.49,21.9 2 0
github.com/silverwyrda/iogo/context.go:28.2,28.18 1 0
github.com/silverwyrda/iogo/context.go:21.9,27.3 2 0
github.com/silverwyrda/iogo/context.go:31.49,33.2 1 0
github.com/silverwyrda/iogo/context.go:35.52,36.29 1 0
github.com/silverwyrda/iogo/context.go:41.2,41.11 1 0
github.com/silverwyrda/iogo/context.go:36.29,37.21 1 0
github.com/silverwyrda/iogo/context.go:37.21,39.4 1 0
github.com/silverwyrda/iogo/context.go:44.49,46.2 1 0
